<?xml version="1.0" encoding="UTF-8"?>
<!-- Generated by org.testng.reporters.JUnitReportReporter -->
<testsuite hostname="DESKTOP-T6BG5V7" failures="0" tests="1" name="Demo" time="6.869" errors="0" timestamp="2022-10-28T20:00:21 IST" skipped="0">
  <testcase classname="Demo" name="test" time="6.869"/>
  <system-out/>
</testsuite> <!-- Demo -->
