<?xml version="1.0" encoding="UTF-8"?>
<!-- Generated by org.testng.reporters.JUnitReportReporter -->
<testsuite hostname="DESKTOP-T6BG5V7" failures="0" tests="1" name="TestMethods.FirstTest" time="8.501" errors="0" timestamp="2022-10-28T21:21:43 IST" skipped="0">
  <testcase classname="TestMethods.FirstTest" name="test" time="8.501"/>
  <system-out/>
</testsuite> <!-- TestMethods.FirstTest -->
